
*** Running vivado
    with args -log encoder.vdi -applog -m64 -product Vivado -messageDb vivado.pb -mode batch -source encoder.tcl -notrace



****** Vivado v2022.2 (64-bit)
  **** SW Build 3671981 on Fri Oct 14 05:00:03 MDT 2022
  **** IP Build 3669848 on Fri Oct 14 08:30:02 MDT 2022
    ** Copyright 1986-2022 Xilinx, Inc. All Rights Reserved.

source encoder.tcl -notrace
create_project: Time (s): cpu = 00:00:03 ; elapsed = 00:00:07 . Memory (MB): peak = 414.965 ; gain = 100.414
Command: link_design -top encoder -part xc7a50ticsg324-1L
Design is defaulting to srcset: sources_1
Design is defaulting to constrset: constrs_1
INFO: [Device 21-403] Loading part xc7a50ticsg324-1L
Netlist sorting complete. Time (s): cpu = 00:00:00 ; elapsed = 00:00:00 . Memory (MB): peak = 814.785 ; gain = 0.000
INFO: [Netlist 29-17] Analyzing 3 Unisim elements for replacement
INFO: [Netlist 29-28] Unisim Transformation completed in 0 CPU seconds
INFO: [Project 1-479] Netlist was created with Vivado 2022.2
INFO: [Project 1-570] Preparing netlist for logic optimization
Parsing XDC File [C:/Users/jehli/digital-electronics-1-projekt/morse_encoder_decoder/morse_encoder_decoder.srcs/constrs_1/imports/new/Nexys A7-50T.xdc]
WARNING: [Vivado 12-584] No ports matched 'CLK100MHZ'. [C:/Users/jehli/digital-electronics-1-projekt/morse_encoder_decoder/morse_encoder_decoder.srcs/constrs_1/imports/new/Nexys A7-50T.xdc:7]
CRITICAL WARNING: [Common 17-55] 'set_property' expects at least one object. [C:/Users/jehli/digital-electronics-1-projekt/morse_encoder_decoder/morse_encoder_decoder.srcs/constrs_1/imports/new/Nexys A7-50T.xdc:7]
Resolution: If [get_<value>] was used to populate the object, check to make sure this command returns at least one valid object.
WARNING: [Vivado 12-584] No ports matched 'LED[0]'. [C:/Users/jehli/digital-electronics-1-projekt/morse_encoder_decoder/morse_encoder_decoder.srcs/constrs_1/imports/new/Nexys A7-50T.xdc:29]
CRITICAL WARNING: [Common 17-55] 'set_property' expects at least one object. [C:/Users/jehli/digital-electronics-1-projekt/morse_encoder_decoder/morse_encoder_decoder.srcs/constrs_1/imports/new/Nexys A7-50T.xdc:29]
Resolution: If [get_<value>] was used to populate the object, check to make sure this command returns at least one valid object.
WARNING: [Vivado 12-584] No ports matched 'LED[1]'. [C:/Users/jehli/digital-electronics-1-projekt/morse_encoder_decoder/morse_encoder_decoder.srcs/constrs_1/imports/new/Nexys A7-50T.xdc:30]
CRITICAL WARNING: [Common 17-55] 'set_property' expects at least one object. [C:/Users/jehli/digital-electronics-1-projekt/morse_encoder_decoder/morse_encoder_decoder.srcs/constrs_1/imports/new/Nexys A7-50T.xdc:30]
Resolution: If [get_<value>] was used to populate the object, check to make sure this command returns at least one valid object.
WARNING: [Vivado 12-584] No ports matched 'LED[2]'. [C:/Users/jehli/digital-electronics-1-projekt/morse_encoder_decoder/morse_encoder_decoder.srcs/constrs_1/imports/new/Nexys A7-50T.xdc:31]
CRITICAL WARNING: [Common 17-55] 'set_property' expects at least one object. [C:/Users/jehli/digital-electronics-1-projekt/morse_encoder_decoder/morse_encoder_decoder.srcs/constrs_1/imports/new/Nexys A7-50T.xdc:31]
Resolution: If [get_<value>] was used to populate the object, check to make sure this command returns at least one valid object.
WARNING: [Vivado 12-584] No ports matched 'LED[3]'. [C:/Users/jehli/digital-electronics-1-projekt/morse_encoder_decoder/morse_encoder_decoder.srcs/constrs_1/imports/new/Nexys A7-50T.xdc:32]
CRITICAL WARNING: [Common 17-55] 'set_property' expects at least one object. [C:/Users/jehli/digital-electronics-1-projekt/morse_encoder_decoder/morse_encoder_decoder.srcs/constrs_1/imports/new/Nexys A7-50T.xdc:32]
Resolution: If [get_<value>] was used to populate the object, check to make sure this command returns at least one valid object.
WARNING: [Vivado 12-584] No ports matched 'LED[4]'. [C:/Users/jehli/digital-electronics-1-projekt/morse_encoder_decoder/morse_encoder_decoder.srcs/constrs_1/imports/new/Nexys A7-50T.xdc:33]
CRITICAL WARNING: [Common 17-55] 'set_property' expects at least one object. [C:/Users/jehli/digital-electronics-1-projekt/morse_encoder_decoder/morse_encoder_decoder.srcs/constrs_1/imports/new/Nexys A7-50T.xdc:33]
Resolution: If [get_<value>] was used to populate the object, check to make sure this command returns at least one valid object.
WARNING: [Vivado 12-584] No ports matched 'CA'. [C:/Users/jehli/digital-electronics-1-projekt/morse_encoder_decoder/morse_encoder_decoder.srcs/constrs_1/imports/new/Nexys A7-50T.xdc:55]
CRITICAL WARNING: [Common 17-55] 'set_property' expects at least one object. [C:/Users/jehli/digital-electronics-1-projekt/morse_encoder_decoder/morse_encoder_decoder.srcs/constrs_1/imports/new/Nexys A7-50T.xdc:55]
Resolution: If [get_<value>] was used to populate the object, check to make sure this command returns at least one valid object.
WARNING: [Vivado 12-584] No ports matched 'CB'. [C:/Users/jehli/digital-electronics-1-projekt/morse_encoder_decoder/morse_encoder_decoder.srcs/constrs_1/imports/new/Nexys A7-50T.xdc:56]
CRITICAL WARNING: [Common 17-55] 'set_property' expects at least one object. [C:/Users/jehli/digital-electronics-1-projekt/morse_encoder_decoder/morse_encoder_decoder.srcs/constrs_1/imports/new/Nexys A7-50T.xdc:56]
Resolution: If [get_<value>] was used to populate the object, check to make sure this command returns at least one valid object.
WARNING: [Vivado 12-584] No ports matched 'CC'. [C:/Users/jehli/digital-electronics-1-projekt/morse_encoder_decoder/morse_encoder_decoder.srcs/constrs_1/imports/new/Nexys A7-50T.xdc:57]
CRITICAL WARNING: [Common 17-55] 'set_property' expects at least one object. [C:/Users/jehli/digital-electronics-1-projekt/morse_encoder_decoder/morse_encoder_decoder.srcs/constrs_1/imports/new/Nexys A7-50T.xdc:57]
Resolution: If [get_<value>] was used to populate the object, check to make sure this command returns at least one valid object.
WARNING: [Vivado 12-584] No ports matched 'CD'. [C:/Users/jehli/digital-electronics-1-projekt/morse_encoder_decoder/morse_encoder_decoder.srcs/constrs_1/imports/new/Nexys A7-50T.xdc:58]
CRITICAL WARNING: [Common 17-55] 'set_property' expects at least one object. [C:/Users/jehli/digital-electronics-1-projekt/morse_encoder_decoder/morse_encoder_decoder.srcs/constrs_1/imports/new/Nexys A7-50T.xdc:58]
Resolution: If [get_<value>] was used to populate the object, check to make sure this command returns at least one valid object.
WARNING: [Vivado 12-584] No ports matched 'CE'. [C:/Users/jehli/digital-electronics-1-projekt/morse_encoder_decoder/morse_encoder_decoder.srcs/constrs_1/imports/new/Nexys A7-50T.xdc:59]
CRITICAL WARNING: [Common 17-55] 'set_property' expects at least one object. [C:/Users/jehli/digital-electronics-1-projekt/morse_encoder_decoder/morse_encoder_decoder.srcs/constrs_1/imports/new/Nexys A7-50T.xdc:59]
Resolution: If [get_<value>] was used to populate the object, check to make sure this command returns at least one valid object.
WARNING: [Vivado 12-584] No ports matched 'CF'. [C:/Users/jehli/digital-electronics-1-projekt/morse_encoder_decoder/morse_encoder_decoder.srcs/constrs_1/imports/new/Nexys A7-50T.xdc:60]
CRITICAL WARNING: [Common 17-55] 'set_property' expects at least one object. [C:/Users/jehli/digital-electronics-1-projekt/morse_encoder_decoder/morse_encoder_decoder.srcs/constrs_1/imports/new/Nexys A7-50T.xdc:60]
Resolution: If [get_<value>] was used to populate the object, check to make sure this command returns at least one valid object.
WARNING: [Vivado 12-584] No ports matched 'CG'. [C:/Users/jehli/digital-electronics-1-projekt/morse_encoder_decoder/morse_encoder_decoder.srcs/constrs_1/imports/new/Nexys A7-50T.xdc:61]
CRITICAL WARNING: [Common 17-55] 'set_property' expects at least one object. [C:/Users/jehli/digital-electronics-1-projekt/morse_encoder_decoder/morse_encoder_decoder.srcs/constrs_1/imports/new/Nexys A7-50T.xdc:61]
Resolution: If [get_<value>] was used to populate the object, check to make sure this command returns at least one valid object.
WARNING: [Vivado 12-584] No ports matched 'AN[0]'. [C:/Users/jehli/digital-electronics-1-projekt/morse_encoder_decoder/morse_encoder_decoder.srcs/constrs_1/imports/new/Nexys A7-50T.xdc:63]
CRITICAL WARNING: [Common 17-55] 'set_property' expects at least one object. [C:/Users/jehli/digital-electronics-1-projekt/morse_encoder_decoder/morse_encoder_decoder.srcs/constrs_1/imports/new/Nexys A7-50T.xdc:63]
Resolution: If [get_<value>] was used to populate the object, check to make sure this command returns at least one valid object.
WARNING: [Vivado 12-584] No ports matched 'AN[1]'. [C:/Users/jehli/digital-electronics-1-projekt/morse_encoder_decoder/morse_encoder_decoder.srcs/constrs_1/imports/new/Nexys A7-50T.xdc:64]
CRITICAL WARNING: [Common 17-55] 'set_property' expects at least one object. [C:/Users/jehli/digital-electronics-1-projekt/morse_encoder_decoder/morse_encoder_decoder.srcs/constrs_1/imports/new/Nexys A7-50T.xdc:64]
Resolution: If [get_<value>] was used to populate the object, check to make sure this command returns at least one valid object.
WARNING: [Vivado 12-584] No ports matched 'AN[2]'. [C:/Users/jehli/digital-electronics-1-projekt/morse_encoder_decoder/morse_encoder_decoder.srcs/constrs_1/imports/new/Nexys A7-50T.xdc:65]
CRITICAL WARNING: [Common 17-55] 'set_property' expects at least one object. [C:/Users/jehli/digital-electronics-1-projekt/morse_encoder_decoder/morse_encoder_decoder.srcs/constrs_1/imports/new/Nexys A7-50T.xdc:65]
Resolution: If [get_<value>] was used to populate the object, check to make sure this command returns at least one valid object.
WARNING: [Vivado 12-584] No ports matched 'AN[3]'. [C:/Users/jehli/digital-electronics-1-projekt/morse_encoder_decoder/morse_encoder_decoder.srcs/constrs_1/imports/new/Nexys A7-50T.xdc:66]
CRITICAL WARNING: [Common 17-55] 'set_property' expects at least one object. [C:/Users/jehli/digital-electronics-1-projekt/morse_encoder_decoder/morse_encoder_decoder.srcs/constrs_1/imports/new/Nexys A7-50T.xdc:66]
Resolution: If [get_<value>] was used to populate the object, check to make sure this command returns at least one valid object.
WARNING: [Vivado 12-584] No ports matched 'AN[4]'. [C:/Users/jehli/digital-electronics-1-projekt/morse_encoder_decoder/morse_encoder_decoder.srcs/constrs_1/imports/new/Nexys A7-50T.xdc:67]
CRITICAL WARNING: [Common 17-55] 'set_property' expects at least one object. [C:/Users/jehli/digital-electronics-1-projekt/morse_encoder_decoder/morse_encoder_decoder.srcs/constrs_1/imports/new/Nexys A7-50T.xdc:67]
Resolution: If [get_<value>] was used to populate the object, check to make sure this command returns at least one valid object.
WARNING: [Vivado 12-584] No ports matched 'AN[5]'. [C:/Users/jehli/digital-electronics-1-projekt/morse_encoder_decoder/morse_encoder_decoder.srcs/constrs_1/imports/new/Nexys A7-50T.xdc:68]
CRITICAL WARNING: [Common 17-55] 'set_property' expects at least one object. [C:/Users/jehli/digital-electronics-1-projekt/morse_encoder_decoder/morse_encoder_decoder.srcs/constrs_1/imports/new/Nexys A7-50T.xdc:68]
Resolution: If [get_<value>] was used to populate the object, check to make sure this command returns at least one valid object.
WARNING: [Vivado 12-584] No ports matched 'AN[6]'. [C:/Users/jehli/digital-electronics-1-projekt/morse_encoder_decoder/morse_encoder_decoder.srcs/constrs_1/imports/new/Nexys A7-50T.xdc:69]
CRITICAL WARNING: [Common 17-55] 'set_property' expects at least one object. [C:/Users/jehli/digital-electronics-1-projekt/morse_encoder_decoder/morse_encoder_decoder.srcs/constrs_1/imports/new/Nexys A7-50T.xdc:69]
Resolution: If [get_<value>] was used to populate the object, check to make sure this command returns at least one valid object.
WARNING: [Vivado 12-584] No ports matched 'AN[7]'. [C:/Users/jehli/digital-electronics-1-projekt/morse_encoder_decoder/morse_encoder_decoder.srcs/constrs_1/imports/new/Nexys A7-50T.xdc:70]
CRITICAL WARNING: [Common 17-55] 'set_property' expects at least one object. [C:/Users/jehli/digital-electronics-1-projekt/morse_encoder_decoder/morse_encoder_decoder.srcs/constrs_1/imports/new/Nexys A7-50T.xdc:70]
Resolution: If [get_<value>] was used to populate the object, check to make sure this command returns at least one valid object.
WARNING: [Vivado 12-584] No ports matched 'BTNC'. [C:/Users/jehli/digital-electronics-1-projekt/morse_encoder_decoder/morse_encoder_decoder.srcs/constrs_1/imports/new/Nexys A7-50T.xdc:76]
CRITICAL WARNING: [Common 17-55] 'set_property' expects at least one object. [C:/Users/jehli/digital-electronics-1-projekt/morse_encoder_decoder/morse_encoder_decoder.srcs/constrs_1/imports/new/Nexys A7-50T.xdc:76]
Resolution: If [get_<value>] was used to populate the object, check to make sure this command returns at least one valid object.
WARNING: [Vivado 12-584] No ports matched 'blank'. [C:/Users/jehli/digital-electronics-1-projekt/morse_encoder_decoder/morse_encoder_decoder.srcs/constrs_1/imports/new/Nexys A7-50T.xdc:77]
CRITICAL WARNING: [Common 17-55] 'set_property' expects at least one object. [C:/Users/jehli/digital-electronics-1-projekt/morse_encoder_decoder/morse_encoder_decoder.srcs/constrs_1/imports/new/Nexys A7-50T.xdc:77]
Resolution: If [get_<value>] was used to populate the object, check to make sure this command returns at least one valid object.
Finished Parsing XDC File [C:/Users/jehli/digital-electronics-1-projekt/morse_encoder_decoder/morse_encoder_decoder.srcs/constrs_1/imports/new/Nexys A7-50T.xdc]
INFO: [Opt 31-138] Pushed 0 inverter(s) to 0 load pin(s).
Netlist sorting complete. Time (s): cpu = 00:00:00 ; elapsed = 00:00:00 . Memory (MB): peak = 927.391 ; gain = 0.000
INFO: [Project 1-111] Unisim Transformation Summary:
No Unisim elements were transformed.

7 Infos, 23 Warnings, 23 Critical Warnings and 0 Errors encountered.
link_design completed successfully
link_design: Time (s): cpu = 00:00:03 ; elapsed = 00:00:09 . Memory (MB): peak = 931.391 ; gain = 511.836
Command: opt_design
Attempting to get a license for feature 'Implementation' and/or device 'xc7a50ti'
INFO: [Common 17-349] Got license for feature 'Implementation' and/or device 'xc7a50ti'
Running DRC as a precondition to command opt_design

Starting DRC Task
INFO: [DRC 23-27] Running DRC with 2 threads
INFO: [Project 1-461] DRC finished with 0 Errors
INFO: [Project 1-462] Please refer to the DRC report (report_drc) for more information.

Time (s): cpu = 00:00:01 ; elapsed = 00:00:02 . Memory (MB): peak = 956.328 ; gain = 24.938

Starting Cache Timing Information Task
INFO: [Timing 38-35] Done setting XDC timing constraints.
Ending Cache Timing Information Task | Checksum: 1178c155a

Time (s): cpu = 00:00:05 ; elapsed = 00:00:14 . Memory (MB): peak = 1486.418 ; gain = 530.090

Starting Logic Optimization Task

Phase 1 Retarget
INFO: [Opt 31-138] Pushed 0 inverter(s) to 0 load pin(s).
INFO: [Opt 31-49] Retargeted 0 cell(s).
Phase 1 Retarget | Checksum: 1178c155a

Time (s): cpu = 00:00:00 ; elapsed = 00:00:00.034 . Memory (MB): peak = 1820.715 ; gain = 0.000
INFO: [Opt 31-389] Phase Retarget created 0 cells and removed 0 cells

Phase 2 Constant propagation
INFO: [Opt 31-138] Pushed 0 inverter(s) to 0 load pin(s).
Phase 2 Constant propagation | Checksum: 1178c155a

Time (s): cpu = 00:00:00 ; elapsed = 00:00:00.037 . Memory (MB): peak = 1820.715 ; gain = 0.000
INFO: [Opt 31-389] Phase Constant propagation created 0 cells and removed 0 cells

Phase 3 Sweep
Phase 3 Sweep | Checksum: 1178c155a

Time (s): cpu = 00:00:00 ; elapsed = 00:00:00.039 . Memory (MB): peak = 1820.715 ; gain = 0.000
INFO: [Opt 31-389] Phase Sweep created 0 cells and removed 0 cells

Phase 4 BUFG optimization
Phase 4 BUFG optimization | Checksum: 1178c155a

Time (s): cpu = 00:00:00 ; elapsed = 00:00:00.109 . Memory (MB): peak = 1820.715 ; gain = 0.000
INFO: [Opt 31-662] Phase BUFG optimization created 0 cells of which 0 are BUFGs and removed 0 cells.

Phase 5 Shift Register Optimization
INFO: [Opt 31-1064] SRL Remap converted 0 SRLs to 0 registers and converted 0 registers of register chains to 0 SRLs
Phase 5 Shift Register Optimization | Checksum: 1178c155a

Time (s): cpu = 00:00:00 ; elapsed = 00:00:00.112 . Memory (MB): peak = 1820.715 ; gain = 0.000
INFO: [Opt 31-389] Phase Shift Register Optimization created 0 cells and removed 0 cells

Phase 6 Post Processing Netlist
Phase 6 Post Processing Netlist | Checksum: 1178c155a

Time (s): cpu = 00:00:00 ; elapsed = 00:00:00.115 . Memory (MB): peak = 1820.715 ; gain = 0.000
INFO: [Opt 31-389] Phase Post Processing Netlist created 0 cells and removed 0 cells
Opt_design Change Summary
=========================


-------------------------------------------------------------------------------------------------------------------------
|  Phase                        |  #Cells created  |  #Cells Removed  |  #Constrained objects preventing optimizations  |
-------------------------------------------------------------------------------------------------------------------------
|  Retarget                     |               0  |               0  |                                              0  |
|  Constant propagation         |               0  |               0  |                                              0  |
|  Sweep                        |               0  |               0  |                                              0  |
|  BUFG optimization            |               0  |               0  |                                              0  |
|  Shift Register Optimization  |               0  |               0  |                                              0  |
|  Post Processing Netlist      |               0  |               0  |                                              0  |
-------------------------------------------------------------------------------------------------------------------------



Starting Connectivity Check Task

Time (s): cpu = 00:00:00 ; elapsed = 00:00:00.002 . Memory (MB): peak = 1820.715 ; gain = 0.000
Ending Logic Optimization Task | Checksum: 1178c155a

Time (s): cpu = 00:00:00 ; elapsed = 00:00:00.120 . Memory (MB): peak = 1820.715 ; gain = 0.000

Starting Power Optimization Task
INFO: [Pwropt 34-132] Skipping clock gating for clocks with a period < 2.00 ns.
Ending Power Optimization Task | Checksum: 1178c155a

Time (s): cpu = 00:00:00 ; elapsed = 00:00:00.030 . Memory (MB): peak = 1820.715 ; gain = 0.000

Starting Final Cleanup Task
Ending Final Cleanup Task | Checksum: 1178c155a

Time (s): cpu = 00:00:00 ; elapsed = 00:00:00.001 . Memory (MB): peak = 1820.715 ; gain = 0.000

Starting Netlist Obfuscation Task
Netlist sorting complete. Time (s): cpu = 00:00:00 ; elapsed = 00:00:00.001 . Memory (MB): peak = 1820.715 ; gain = 0.000
Ending Netlist Obfuscation Task | Checksum: 1178c155a

Time (s): cpu = 00:00:00 ; elapsed = 00:00:00.001 . Memory (MB): peak = 1820.715 ; gain = 0.000
INFO: [Common 17-83] Releasing license: Implementation
24 Infos, 23 Warnings, 23 Critical Warnings and 0 Errors encountered.
opt_design completed successfully
opt_design: Time (s): cpu = 00:00:07 ; elapsed = 00:00:21 . Memory (MB): peak = 1820.715 ; gain = 889.324
INFO: [Timing 38-480] Writing timing data to binary archive.
Writing XDEF routing.
Writing XDEF routing logical nets.
Writing XDEF routing special nets.
Write XDEF Complete: Time (s): cpu = 00:00:00 ; elapsed = 00:00:00.035 . Memory (MB): peak = 1820.715 ; gain = 0.000
INFO: [Common 17-1381] The checkpoint 'C:/Users/jehli/digital-electronics-1-projekt/morse_encoder_decoder/morse_encoder_decoder.runs/impl_1/encoder_opt.dcp' has been generated.
INFO: [runtcl-4] Executing : report_drc -file encoder_drc_opted.rpt -pb encoder_drc_opted.pb -rpx encoder_drc_opted.rpx
Command: report_drc -file encoder_drc_opted.rpt -pb encoder_drc_opted.pb -rpx encoder_drc_opted.rpx
INFO: [IP_Flow 19-234] Refreshing IP repositories
INFO: [IP_Flow 19-1704] No user IP repositories specified
INFO: [IP_Flow 19-2313] Loaded Vivado IP repository 'C:/Xilinx/Vivado/2022.2/data/ip'.
INFO: [DRC 23-27] Running DRC with 2 threads
INFO: [Vivado_Tcl 2-168] The results of DRC are in file C:/Users/jehli/digital-electronics-1-projekt/morse_encoder_decoder/morse_encoder_decoder.runs/impl_1/encoder_drc_opted.rpt.
report_drc completed successfully
Command: place_design
Attempting to get a license for feature 'Implementation' and/or device 'xc7a50ti'
INFO: [Common 17-349] Got license for feature 'Implementation' and/or device 'xc7a50ti'
INFO: [DRC 23-27] Running DRC with 2 threads
INFO: [Vivado_Tcl 4-198] DRC finished with 0 Errors
INFO: [Vivado_Tcl 4-199] Please refer to the DRC report (report_drc) for more information.
Running DRC as a precondition to command place_design
INFO: [DRC 23-27] Running DRC with 2 threads
INFO: [Vivado_Tcl 4-198] DRC finished with 0 Errors
INFO: [Vivado_Tcl 4-199] Please refer to the DRC report (report_drc) for more information.

Starting Placer Task
INFO: [Place 30-611] Multithreading enabled for place_design using a maximum of 2 CPUs

Phase 1 Placer Initialization

Phase 1.1 Placer Initialization Netlist Sorting
Netlist sorting complete. Time (s): cpu = 00:00:00 ; elapsed = 00:00:00.001 . Memory (MB): peak = 1820.715 ; gain = 0.000
Phase 1.1 Placer Initialization Netlist Sorting | Checksum: 323638c2

Time (s): cpu = 00:00:00 ; elapsed = 00:00:00.026 . Memory (MB): peak = 1820.715 ; gain = 0.000
Netlist sorting complete. Time (s): cpu = 00:00:00 ; elapsed = 00:00:00 . Memory (MB): peak = 1820.715 ; gain = 0.000

Phase 1.2 IO Placement/ Clock Placement/ Build Placer Device
INFO: [Timing 38-35] Done setting XDC timing constraints.
Phase 1.2 IO Placement/ Clock Placement/ Build Placer Device | Checksum: 1483352a5

Time (s): cpu = 00:00:00 ; elapsed = 00:00:00.433 . Memory (MB): peak = 1820.715 ; gain = 0.000

Phase 1.3 Build Placer Netlist Model
Phase 1.3 Build Placer Netlist Model | Checksum: 1f4a9015e

Time (s): cpu = 00:00:00 ; elapsed = 00:00:00.462 . Memory (MB): peak = 1820.715 ; gain = 0.000

Phase 1.4 Constrain Clocks/Macros
Phase 1.4 Constrain Clocks/Macros | Checksum: 1f4a9015e

Time (s): cpu = 00:00:00 ; elapsed = 00:00:00.465 . Memory (MB): peak = 1820.715 ; gain = 0.000
Phase 1 Placer Initialization | Checksum: 1f4a9015e

Time (s): cpu = 00:00:00 ; elapsed = 00:00:00.469 . Memory (MB): peak = 1820.715 ; gain = 0.000

Phase 2 Global Placement

Phase 2.1 Floorplanning
Phase 2.1 Floorplanning | Checksum: 1f4a9015e

Time (s): cpu = 00:00:00 ; elapsed = 00:00:00.475 . Memory (MB): peak = 1820.715 ; gain = 0.000

Phase 2.2 Update Timing before SLR Path Opt
Phase 2.2 Update Timing before SLR Path Opt | Checksum: 1f4a9015e

Time (s): cpu = 00:00:00 ; elapsed = 00:00:00.476 . Memory (MB): peak = 1820.715 ; gain = 0.000

Phase 2.3 Post-Processing in Floorplanning
Phase 2.3 Post-Processing in Floorplanning | Checksum: 1f4a9015e

Time (s): cpu = 00:00:00 ; elapsed = 00:00:00.476 . Memory (MB): peak = 1820.715 ; gain = 0.000

Phase 2.4 Global Placement Core
WARNING: [Place 46-29] Timing had been disabled during Placer and, therefore, physical synthesis in Placer will be skipped.
Phase 2.4 Global Placement Core | Checksum: 243ac55e8

Time (s): cpu = 00:00:00 ; elapsed = 00:00:01 . Memory (MB): peak = 1820.715 ; gain = 0.000
Phase 2 Global Placement | Checksum: 243ac55e8

Time (s): cpu = 00:00:00 ; elapsed = 00:00:01 . Memory (MB): peak = 1820.715 ; gain = 0.000

Phase 3 Detail Placement

Phase 3.1 Commit Multi Column Macros
Phase 3.1 Commit Multi Column Macros | Checksum: 243ac55e8

Time (s): cpu = 00:00:00 ; elapsed = 00:00:01 . Memory (MB): peak = 1820.715 ; gain = 0.000

Phase 3.2 Commit Most Macros & LUTRAMs
Phase 3.2 Commit Most Macros & LUTRAMs | Checksum: 1f495d763

Time (s): cpu = 00:00:00 ; elapsed = 00:00:01 . Memory (MB): peak = 1820.715 ; gain = 0.000

Phase 3.3 Area Swap Optimization
Phase 3.3 Area Swap Optimization | Checksum: 1e29f77dd

Time (s): cpu = 00:00:00 ; elapsed = 00:00:01 . Memory (MB): peak = 1820.715 ; gain = 0.000

Phase 3.4 Pipeline Register Optimization
Phase 3.4 Pipeline Register Optimization | Checksum: 1e29f77dd

Time (s): cpu = 00:00:00 ; elapsed = 00:00:01 . Memory (MB): peak = 1820.715 ; gain = 0.000

Phase 3.5 Small Shape Detail Placement
Phase 3.5 Small Shape Detail Placement | Checksum: 21b4ce352

Time (s): cpu = 00:00:00 ; elapsed = 00:00:01 . Memory (MB): peak = 1820.715 ; gain = 0.000

Phase 3.6 Re-assign LUT pins
Phase 3.6 Re-assign LUT pins | Checksum: 21b4ce352

Time (s): cpu = 00:00:00 ; elapsed = 00:00:01 . Memory (MB): peak = 1820.715 ; gain = 0.000

Phase 3.7 Pipeline Register Optimization
Phase 3.7 Pipeline Register Optimization | Checksum: 21b4ce352

Time (s): cpu = 00:00:00 ; elapsed = 00:00:01 . Memory (MB): peak = 1820.715 ; gain = 0.000
Phase 3 Detail Placement | Checksum: 21b4ce352

Time (s): cpu = 00:00:00 ; elapsed = 00:00:01 . Memory (MB): peak = 1820.715 ; gain = 0.000

Phase 4 Post Placement Optimization and Clean-Up

Phase 4.1 Post Commit Optimization
Phase 4.1 Post Commit Optimization | Checksum: 21b4ce352

Time (s): cpu = 00:00:00 ; elapsed = 00:00:01 . Memory (MB): peak = 1820.715 ; gain = 0.000

Phase 4.2 Post Placement Cleanup
Phase 4.2 Post Placement Cleanup | Checksum: 21b4ce352

Time (s): cpu = 00:00:00 ; elapsed = 00:00:01 . Memory (MB): peak = 1820.715 ; gain = 0.000

Phase 4.3 Placer Reporting

Phase 4.3.1 Print Estimated Congestion
INFO: [Place 30-612] Post-Placement Estimated Congestion 
 ____________________________________________________
|           | Global Congestion | Short Congestion  |
| Direction | Region Size       | Region Size       |
|___________|___________________|___________________|
|      North|                1x1|                1x1|
|___________|___________________|___________________|
|      South|                1x1|                1x1|
|___________|___________________|___________________|
|       East|                1x1|                1x1|
|___________|___________________|___________________|
|       West|                1x1|                1x1|
|___________|___________________|___________________|

Phase 4.3.1 Print Estimated Congestion | Checksum: 21b4ce352

Time (s): cpu = 00:00:00 ; elapsed = 00:00:01 . Memory (MB): peak = 1820.715 ; gain = 0.000
Phase 4.3 Placer Reporting | Checksum: 21b4ce352

Time (s): cpu = 00:00:00 ; elapsed = 00:00:01 . Memory (MB): peak = 1820.715 ; gain = 0.000

Phase 4.4 Final Placement Cleanup
Netlist sorting complete. Time (s): cpu = 00:00:00 ; elapsed = 00:00:00 . Memory (MB): peak = 1820.715 ; gain = 0.000

Time (s): cpu = 00:00:00 ; elapsed = 00:00:01 . Memory (MB): peak = 1820.715 ; gain = 0.000
Phase 4 Post Placement Optimization and Clean-Up | Checksum: 1487de382

Time (s): cpu = 00:00:00 ; elapsed = 00:00:01 . Memory (MB): peak = 1820.715 ; gain = 0.000
Ending Placer Task | Checksum: 75638c70

Time (s): cpu = 00:00:00 ; elapsed = 00:00:01 . Memory (MB): peak = 1820.715 ; gain = 0.000
INFO: [Common 17-83] Releasing license: Implementation
43 Infos, 24 Warnings, 23 Critical Warnings and 0 Errors encountered.
place_design completed successfully
INFO: [Timing 38-480] Writing timing data to binary archive.
Writing XDEF routing.
Writing XDEF routing logical nets.
Writing XDEF routing special nets.
Write XDEF Complete: Time (s): cpu = 00:00:00 ; elapsed = 00:00:00.044 . Memory (MB): peak = 1820.715 ; gain = 0.000
INFO: [Common 17-1381] The checkpoint 'C:/Users/jehli/digital-electronics-1-projekt/morse_encoder_decoder/morse_encoder_decoder.runs/impl_1/encoder_placed.dcp' has been generated.
INFO: [runtcl-4] Executing : report_io -file encoder_io_placed.rpt
report_io: Time (s): cpu = 00:00:00 ; elapsed = 00:00:00.065 . Memory (MB): peak = 1820.715 ; gain = 0.000
INFO: [runtcl-4] Executing : report_utilization -file encoder_utilization_placed.rpt -pb encoder_utilization_placed.pb
INFO: [runtcl-4] Executing : report_control_sets -verbose -file encoder_control_sets_placed.rpt
report_control_sets: Time (s): cpu = 00:00:00 ; elapsed = 00:00:00.002 . Memory (MB): peak = 1820.715 ; gain = 0.000
Command: phys_opt_design
Attempting to get a license for feature 'Implementation' and/or device 'xc7a50ti'
INFO: [Common 17-349] Got license for feature 'Implementation' and/or device 'xc7a50ti'

Starting Initial Update Timing Task

Time (s): cpu = 00:00:00 ; elapsed = 00:00:00.012 . Memory (MB): peak = 1820.715 ; gain = 0.000
INFO: [Vivado_Tcl 4-235] No timing constraint found. The netlist was not modified.
INFO: [Common 17-83] Releasing license: Implementation
51 Infos, 24 Warnings, 23 Critical Warnings and 0 Errors encountered.
phys_opt_design completed successfully
INFO: [Timing 38-480] Writing timing data to binary archive.
Writing XDEF routing.
Writing XDEF routing logical nets.
Writing XDEF routing special nets.
Write XDEF Complete: Time (s): cpu = 00:00:00 ; elapsed = 00:00:00.053 . Memory (MB): peak = 1837.605 ; gain = 14.887
INFO: [Common 17-1381] The checkpoint 'C:/Users/jehli/digital-electronics-1-projekt/morse_encoder_decoder/morse_encoder_decoder.runs/impl_1/encoder_physopt.dcp' has been generated.
Command: route_design
Attempting to get a license for feature 'Implementation' and/or device 'xc7a50ti'
INFO: [Common 17-349] Got license for feature 'Implementation' and/or device 'xc7a50ti'
Running DRC as a precondition to command route_design
INFO: [DRC 23-27] Running DRC with 2 threads
INFO: [Vivado_Tcl 4-198] DRC finished with 0 Errors
INFO: [Vivado_Tcl 4-199] Please refer to the DRC report (report_drc) for more information.


Starting Routing Task
INFO: [Route 35-254] Multithreading enabled for route_design using a maximum of 2 CPUs

Phase 1 Build RT Design
Checksum: PlaceDB: 70fc19e6 ConstDB: 0 ShapeSum: 467728a RouteDB: 0
Post Restoration Checksum: NetGraph: 7aa12485 NumContArr: d39f65e9 Constraints: 0 Timing: 0
Phase 1 Build RT Design | Checksum: 14e408a6e

Time (s): cpu = 00:00:12 ; elapsed = 00:00:26 . Memory (MB): peak = 1915.121 ; gain = 68.488

Phase 2 Router Initialization
INFO: [Route 35-64] No timing constraints were detected. The router will operate in resource-optimization mode.

Phase 2.1 Fix Topology Constraints
Phase 2.1 Fix Topology Constraints | Checksum: 14e408a6e

Time (s): cpu = 00:00:12 ; elapsed = 00:00:26 . Memory (MB): peak = 1921.199 ; gain = 74.566

Phase 2.2 Pre Route Cleanup
Phase 2.2 Pre Route Cleanup | Checksum: 14e408a6e

Time (s): cpu = 00:00:12 ; elapsed = 00:00:26 . Memory (MB): peak = 1921.199 ; gain = 74.566
 Number of Nodes with overlaps = 0

Router Utilization Summary
  Global Vertical Routing Utilization    = 0 %
  Global Horizontal Routing Utilization  = 0 %
  Routable Net Status*
  *Does not include unroutable nets such as driverless and loadless.
  Run report_route_status for detailed report.
  Number of Failed Nets               = 27
    (Failed Nets is the sum of unrouted and partially routed nets)
  Number of Unrouted Nets             = 27
  Number of Partially Routed Nets     = 0
  Number of Node Overlaps             = 0

Phase 2 Router Initialization | Checksum: 81a970be

Time (s): cpu = 00:00:12 ; elapsed = 00:00:26 . Memory (MB): peak = 1926.387 ; gain = 79.754

Phase 3 Initial Routing

Phase 3.1 Global Routing
Phase 3.1 Global Routing | Checksum: 81a970be

Time (s): cpu = 00:00:12 ; elapsed = 00:00:26 . Memory (MB): peak = 1926.387 ; gain = 79.754
Phase 3 Initial Routing | Checksum: 194cf24d7

Time (s): cpu = 00:00:12 ; elapsed = 00:00:26 . Memory (MB): peak = 1926.387 ; gain = 79.754

Phase 4 Rip-up And Reroute

Phase 4.1 Global Iteration 0
 Number of Nodes with overlaps = 4
 Number of Nodes with overlaps = 0
Phase 4.1 Global Iteration 0 | Checksum: d81db672

Time (s): cpu = 00:00:12 ; elapsed = 00:00:26 . Memory (MB): peak = 1926.387 ; gain = 79.754
Phase 4 Rip-up And Reroute | Checksum: d81db672

Time (s): cpu = 00:00:12 ; elapsed = 00:00:26 . Memory (MB): peak = 1926.387 ; gain = 79.754

Phase 5 Delay and Skew Optimization
Phase 5 Delay and Skew Optimization | Checksum: d81db672

Time (s): cpu = 00:00:12 ; elapsed = 00:00:26 . Memory (MB): peak = 1926.387 ; gain = 79.754

Phase 6 Post Hold Fix

Phase 6.1 Hold Fix Iter
Phase 6.1 Hold Fix Iter | Checksum: d81db672

Time (s): cpu = 00:00:12 ; elapsed = 00:00:26 . Memory (MB): peak = 1926.387 ; gain = 79.754
Phase 6 Post Hold Fix | Checksum: d81db672

Time (s): cpu = 00:00:12 ; elapsed = 00:00:26 . Memory (MB): peak = 1926.387 ; gain = 79.754

Phase 7 Route finalize

Router Utilization Summary
  Global Vertical Routing Utilization    = 0.0109224 %
  Global Horizontal Routing Utilization  = 0.00676731 %
  Routable Net Status*
  *Does not include unroutable nets such as driverless and loadless.
  Run report_route_status for detailed report.
  Number of Failed Nets               = 0
    (Failed Nets is the sum of unrouted and partially routed nets)
  Number of Unrouted Nets             = 0
  Number of Partially Routed Nets     = 0
  Number of Node Overlaps             = 0

Congestion Report
North Dir 1x1 Area, Max Cong = 9.00901%, No Congested Regions.
South Dir 1x1 Area, Max Cong = 9.00901%, No Congested Regions.
East Dir 1x1 Area, Max Cong = 11.7647%, No Congested Regions.
West Dir 1x1 Area, Max Cong = 10.2941%, No Congested Regions.

------------------------------
Reporting congestion hotspots
------------------------------
Direction: North
----------------
Congested clusters found at Level 0
Effective congestion level: 0 Aspect Ratio: 1 Sparse Ratio: 0
Direction: South
----------------
Congested clusters found at Level 0
Effective congestion level: 0 Aspect Ratio: 1 Sparse Ratio: 0
Direction: East
----------------
Congested clusters found at Level 0
Effective congestion level: 0 Aspect Ratio: 1 Sparse Ratio: 0
Direction: West
----------------
Congested clusters found at Level 0
Effective congestion level: 0 Aspect Ratio: 1 Sparse Ratio: 0

Phase 7 Route finalize | Checksum: d81db672

Time (s): cpu = 00:00:12 ; elapsed = 00:00:26 . Memory (MB): peak = 1926.387 ; gain = 79.754

Phase 8 Verifying routed nets

 Verification completed successfully
Phase 8 Verifying routed nets | Checksum: d81db672

Time (s): cpu = 00:00:12 ; elapsed = 00:00:26 . Memory (MB): peak = 1927.062 ; gain = 80.430

Phase 9 Depositing Routes
Phase 9 Depositing Routes | Checksum: 12d02c166

Time (s): cpu = 00:00:12 ; elapsed = 00:00:26 . Memory (MB): peak = 1927.062 ; gain = 80.430
INFO: [Route 35-16] Router Completed Successfully

Time (s): cpu = 00:00:12 ; elapsed = 00:00:26 . Memory (MB): peak = 1927.062 ; gain = 80.430

Routing Is Done.
INFO: [Common 17-83] Releasing license: Implementation
61 Infos, 24 Warnings, 23 Critical Warnings and 0 Errors encountered.
route_design completed successfully
route_design: Time (s): cpu = 00:00:14 ; elapsed = 00:00:28 . Memory (MB): peak = 1927.062 ; gain = 89.457
INFO: [Timing 38-480] Writing timing data to binary archive.
Writing XDEF routing.
Writing XDEF routing logical nets.
Writing XDEF routing special nets.
Write XDEF Complete: Time (s): cpu = 00:00:00 ; elapsed = 00:00:00.047 . Memory (MB): peak = 1940.902 ; gain = 13.840
INFO: [Common 17-1381] The checkpoint 'C:/Users/jehli/digital-electronics-1-projekt/morse_encoder_decoder/morse_encoder_decoder.runs/impl_1/encoder_routed.dcp' has been generated.
INFO: [runtcl-4] Executing : report_drc -file encoder_drc_routed.rpt -pb encoder_drc_routed.pb -rpx encoder_drc_routed.rpx
Command: report_drc -file encoder_drc_routed.rpt -pb encoder_drc_routed.pb -rpx encoder_drc_routed.rpx
INFO: [IP_Flow 19-1839] IP Catalog is up to date.
INFO: [DRC 23-27] Running DRC with 2 threads
INFO: [Vivado_Tcl 2-168] The results of DRC are in file C:/Users/jehli/digital-electronics-1-projekt/morse_encoder_decoder/morse_encoder_decoder.runs/impl_1/encoder_drc_routed.rpt.
report_drc completed successfully
INFO: [runtcl-4] Executing : report_methodology -file encoder_methodology_drc_routed.rpt -pb encoder_methodology_drc_routed.pb -rpx encoder_methodology_drc_routed.rpx
Command: report_methodology -file encoder_methodology_drc_routed.rpt -pb encoder_methodology_drc_routed.pb -rpx encoder_methodology_drc_routed.rpx
INFO: [Timing 38-35] Done setting XDC timing constraints.
INFO: [DRC 23-133] Running Methodology with 2 threads
INFO: [Vivado_Tcl 2-1520] The results of Report Methodology are in file C:/Users/jehli/digital-electronics-1-projekt/morse_encoder_decoder/morse_encoder_decoder.runs/impl_1/encoder_methodology_drc_routed.rpt.
report_methodology completed successfully
INFO: [runtcl-4] Executing : report_power -file encoder_power_routed.rpt -pb encoder_power_summary_routed.pb -rpx encoder_power_routed.rpx
Command: report_power -file encoder_power_routed.rpt -pb encoder_power_summary_routed.pb -rpx encoder_power_routed.rpx
INFO: [Timing 38-35] Done setting XDC timing constraints.
WARNING: [Power 33-232] No user defined clocks were found in the design! Power estimation will be inaccurate until this is corrected.
Resolution: Please specify clocks using create_clock/create_generated_clock for sequential elements. For pure combinatorial circuits, please specify a virtual clock, otherwise the vectorless estimation might be inaccurate
Running Vector-less Activity Propagation...

Finished Running Vector-less Activity Propagation
73 Infos, 25 Warnings, 23 Critical Warnings and 0 Errors encountered.
report_power completed successfully
INFO: [runtcl-4] Executing : report_route_status -file encoder_route_status.rpt -pb encoder_route_status.pb
INFO: [runtcl-4] Executing : report_timing_summary -max_paths 10 -file encoder_timing_summary_routed.rpt -pb encoder_timing_summary_routed.pb -rpx encoder_timing_summary_routed.rpx -warn_on_violation 
INFO: [Timing 38-91] UpdateTimingParams: Speed grade: -1L, Delay Type: min_max.
INFO: [Timing 38-191] Multithreading enabled for timing update using a maximum of 2 CPUs
WARNING: [Timing 38-313] There are no user specified timing constraints. Timing constraints are needed for proper timing analysis.
INFO: [runtcl-4] Executing : report_incremental_reuse -file encoder_incremental_reuse_routed.rpt
INFO: [Vivado_Tcl 4-1062] Incremental flow is disabled. No incremental reuse Info to report.
INFO: [runtcl-4] Executing : report_clock_utilization -file encoder_clock_utilization_routed.rpt
INFO: [runtcl-4] Executing : report_bus_skew -warn_on_violation -file encoder_bus_skew_routed.rpt -pb encoder_bus_skew_routed.pb -rpx encoder_bus_skew_routed.rpx
INFO: [Timing 38-91] UpdateTimingParams: Speed grade: -1L, Delay Type: min_max.
INFO: [Timing 38-191] Multithreading enabled for timing update using a maximum of 2 CPUs
INFO: [Common 17-206] Exiting Vivado at Wed May  3 12:44:28 2023...
